#
# There is insufficient memory for the Java Runtime Environment to continue.
# Native memory allocation (mmap) failed to map 67108864 bytes for Failed to commit area from 0x00000000c0c00000 to 0x00000000c4c00000 of length 67108864.
# Possible reasons:
#   The system is out of physical RAM or swap space
#   The process is running with CompressedOops enabled, and the Java Heap may be blocking the growth of the native heap
# Possible solutions:
#   Reduce memory load on the system
#   Increase physical memory or swap space
#   Check if swap backing store is full
#   Decrease Java heap size (-Xmx/-Xms)
#   Decrease number of Java threads
#   Decrease Java thread stack sizes (-Xss)
#   Set larger code cache with -XX:ReservedCodeCacheSize=
#   JVM is running with Unscaled Compressed Oops mode in which the Java heap is
#     placed in the first 4GB address space. The Java Heap base address is the
#     maximum limit for the native heap growth. Please use -XX:HeapBaseMinAddress
#     to set the Java Heap base and to place the Java Heap above 4GB virtual address.
# This output file may be truncated or incomplete.
#
#  Out of Memory Error (./open/src/hotspot/os/windows/os_windows.cpp:3315), pid=4696, tid=17600
#
# JRE version:  (14.0.2+12) (build )
# Java VM: Java HotSpot(TM) 64-Bit Server VM (14.0.2+12-46, mixed mode, sharing, tiered, compressed oops, g1 gc, windows-amd64)
# No core dump will be written. Minidumps are not enabled by default on client versions of Windows
#

---------------  S U M M A R Y ------------

Command Line: -Dfile.encoding=UTF-8 com.agribay.agribayapp.AgribayappApplication

Host: Intel(R) Core(TM) i5-2430M CPU @ 2.40GHz, 4 cores, 3G,  Windows 10 , 64 bit Build 19041 (10.0.19041.804)
Time: Mon Mar 29 09:27:32 2021 Sri Lanka Standard Time elapsed time: 0 seconds (0d 0h 0m 0s)

---------------  T H R E A D  ---------------

Current thread (0x0000023e404d1800):  JavaThread "Unknown thread" [_thread_in_vm, id=17600, stack(0x000000b1b5400000,0x000000b1b5500000)]

Stack: [0x000000b1b5400000,0x000000b1b5500000]
Native frames: (J=compiled Java code, j=interpreted, Vv=VM code, C=native code)
V  [jvm.dll+0x5f8a9a]
V  [jvm.dll+0x74247a]
V  [jvm.dll+0x743c2f]
V  [jvm.dll+0x744273]
V  [jvm.dll+0x20d288]
V  [jvm.dll+0x5f5dea]
V  [jvm.dll+0x5eac45]
V  [jvm.dll+0x2c7e9c]
V  [jvm.dll+0x2c7cd2]
V  [jvm.dll+0x2cdbbc]
V  [jvm.dll+0x313fe8]
V  [jvm.dll+0x313710]
V  [jvm.dll+0x2a092a]
V  [jvm.dll+0x2a1a79]
V  [jvm.dll+0x71fd48]
V  [jvm.dll+0x321c14]
V  [jvm.dll+0x70112c]
V  [jvm.dll+0x392def]
V  [jvm.dll+0x394e61]
C  [jli.dll+0x524b]
C  [ucrtbase.dll+0x21bb2]
C  [KERNEL32.DLL+0x17034]
C  [ntdll.dll+0x52651]


---------------  P R O C E S S  ---------------

Threads class SMR info:
_java_thread_list=0x00007ffed71a3038, length=0, elements={
}

Java Threads: ( => current thread )

Other Threads:
  0x0000023e40522000 GCTaskThread "GC Thread#0" [stack: 0x000000b1b5500000,0x000000b1b5600000] [id=17308]
  0x0000023e4052d000 ConcurrentGCThread "G1 Main Marker" [stack: 0x000000b1b5600000,0x000000b1b5700000] [id=2604]
  0x0000023e4052e800 ConcurrentGCThread "G1 Conc#0" [stack: 0x000000b1b5700000,0x000000b1b5800000] [id=11620]

[error occurred during error reporting (printing all threads), id 0xc0000005, EXCEPTION_ACCESS_VIOLATION (0xc0000005) at pc=0x00007ffed69d1257]

VM state:not at safepoint (not fully initialized)

VM Mutex/Monitor currently owned by a thread:  ([mutex/lock_event])
[0x0000023e404d0b50] Heap_lock - owner thread: 0x0000023e404d1800

Heap address: 0x00000000c0c00000, size: 1012 MB, Compressed Oops mode: 32-bit
Narrow klass base: 0x0000000000000000, Narrow klass shift: 0

GC Heap History (0 events):
No events

Deoptimization events (0 events):
No events

Classes unloaded (0 events):
No events

Classes redefined (0 events):
No events

Internal exceptions (0 events):
No events

Events (2 events):
Event: 0.009 Loaded shared library C:\Program Files\Java\jdk-14.0.2\bin\java.dll
Event: 0.010 Loaded shared library C:\Program Files\Java\jdk-14.0.2\bin\zip.dll


Dynamic libraries:
0x00007ff684500000 - 0x00007ff68450f000 	C:\Program Files\Java\jdk-14.0.2\bin\javaw.exe
0x00007fff2f570000 - 0x00007fff2f765000 	C:\Windows\SYSTEM32\ntdll.dll
0x00007fff2e720000 - 0x00007fff2e7dd000 	C:\Windows\System32\KERNEL32.DLL
0x00007fff2d300000 - 0x00007fff2d5c9000 	C:\Windows\System32\KERNELBASE.dll
0x00007fff2ce10000 - 0x00007fff2cf10000 	C:\Windows\System32\ucrtbase.dll
0x00007fff06880000 - 0x00007fff06898000 	C:\Program Files\Java\jdk-14.0.2\bin\jli.dll
0x00007fff2e260000 - 0x00007fff2e30c000 	C:\Windows\System32\ADVAPI32.dll
0x00007fff2e7e0000 - 0x00007fff2e87e000 	C:\Windows\System32\msvcrt.dll
0x00007fff2edf0000 - 0x00007fff2ee8c000 	C:\Windows\System32\sechost.dll
0x00007fff2d960000 - 0x00007fff2da8b000 	C:\Windows\System32\RPCRT4.dll
0x00007fff2f360000 - 0x00007fff2f500000 	C:\Windows\System32\USER32.dll
0x00007fff2cf10000 - 0x00007fff2cf32000 	C:\Windows\System32\win32u.dll
0x00007fff2e590000 - 0x00007fff2e5ba000 	C:\Windows\System32\GDI32.dll
0x00007fff2d0f0000 - 0x00007fff2d1fb000 	C:\Windows\System32\gdi32full.dll
0x00007fff2d050000 - 0x00007fff2d0ed000 	C:\Windows\System32\msvcp_win.dll
0x00007fff18dd0000 - 0x00007fff1906a000 	C:\Windows\WinSxS\amd64_microsoft.windows.common-controls_6595b64144ccf1df_6.0.19041.844_none_ca00b6081b84eb1d\COMCTL32.dll
0x00007fff276e0000 - 0x00007fff276f5000 	C:\Program Files\Java\jdk-14.0.2\bin\VCRUNTIME140.dll
0x00007fff25d90000 - 0x00007fff25d9a000 	C:\Windows\SYSTEM32\VERSION.dll
0x00007fff2f500000 - 0x00007fff2f530000 	C:\Windows\System32\IMM32.DLL
0x00007fff16cc0000 - 0x00007fff16d5b000 	C:\Program Files\Java\jdk-14.0.2\bin\msvcp140.dll
0x00007ffed6720000 - 0x00007ffed723e000 	C:\Program Files\Java\jdk-14.0.2\bin\server\jvm.dll
0x00007fff2e650000 - 0x00007fff2e658000 	C:\Windows\System32\PSAPI.DLL
0x00007fff1f4d0000 - 0x00007fff1f4d9000 	C:\Windows\SYSTEM32\WSOCK32.dll
0x00007fff2ed80000 - 0x00007fff2edeb000 	C:\Windows\System32\WS2_32.dll
0x00007fff25d60000 - 0x00007fff25d87000 	C:\Windows\SYSTEM32\WINMM.dll
0x00007fff2ac10000 - 0x00007fff2ac22000 	C:\Windows\SYSTEM32\kernel.appcore.dll
0x00007fff1df60000 - 0x00007fff1df6a000 	C:\Program Files\Java\jdk-14.0.2\bin\jimage.dll
0x00007fff1ee80000 - 0x00007fff1f064000 	C:\Windows\SYSTEM32\DBGHELP.DLL
0x00007fff1ee50000 - 0x00007fff1ee7c000 	C:\Windows\SYSTEM32\dbgcore.DLL
0x00007fff2cfa0000 - 0x00007fff2d020000 	C:\Windows\System32\bcryptPrimitives.dll
0x00007ffeecb80000 - 0x00007ffeecba5000 	C:\Program Files\Java\jdk-14.0.2\bin\java.dll
0x00007fff01270000 - 0x00007fff01286000 	C:\Program Files\Java\jdk-14.0.2\bin\zip.dll

dbghelp: loaded successfully - version: 4.0.5 - missing functions: none
symbol engine: initialized successfully - sym options: 0x614 - pdb path: .;C:\Program Files\Java\jdk-14.0.2\bin;C:\Windows\SYSTEM32;C:\Windows\WinSxS\amd64_microsoft.windows.common-controls_6595b64144ccf1df_6.0.19041.844_none_ca00b6081b84eb1d;C:\Program Files\Java\jdk-14.0.2\bin\server

VM Arguments:
jvm_args: -Dfile.encoding=UTF-8 
java_command: com.agribay.agribayapp.AgribayappApplication
java_class_path (initial): F:\AgriBay_BackEnd\AgriBay\agribayapp\target\classes;C:\Users\venu trivedi\.m2\repository\org\projectlombok\lombok\1.18.16\lombok-1.18.16.jar;C:\Users\venu trivedi\.m2\repository\org\springframework\boot\spring-boot-starter-data-jpa\2.4.1\spring-boot-starter-data-jpa-2.4.1.jar;C:\Users\venu trivedi\.m2\repository\org\springframework\boot\spring-boot-starter-aop\2.4.1\spring-boot-starter-aop-2.4.1.jar;C:\Users\venu trivedi\.m2\repository\org\aspectj\aspectjweaver\1.9.6\aspectjweaver-1.9.6.jar;C:\Users\venu trivedi\.m2\repository\org\springframework\boot\spring-boot-starter-jdbc\2.4.1\spring-boot-starter-jdbc-2.4.1.jar;C:\Users\venu trivedi\.m2\repository\com\zaxxer\HikariCP\3.4.5\HikariCP-3.4.5.jar;C:\Users\venu trivedi\.m2\repository\org\springframework\spring-jdbc\5.3.2\spring-jdbc-5.3.2.jar;C:\Users\venu trivedi\.m2\repository\jakarta\transaction\jakarta.transaction-api\1.3.3\jakarta.transaction-api-1.3.3.jar;C:\Users\venu trivedi\.m2\repository\jakarta\persistence\jakarta.persistence-api\2.2.3\jakarta.persistence-api-2.2.3.jar;C:\Users\venu trivedi\.m2\repository\org\hibernate\hibernate-core\5.4.25.Final\hibernate-core-5.4.25.Final.jar;C:\Users\venu trivedi\.m2\repository\org\jboss\logging\jboss-logging\3.4.1.Final\jboss-logging-3.4.1.Final.jar;C:\Users\venu trivedi\.m2\repository\org\javassist\javassist\3.27.0-GA\javassist-3.27.0-GA.jar;C:\Users\venu trivedi\.m2\repository\net\bytebuddy\byte-buddy\1.10.18\byte-buddy-1.10.18.jar;C:\Users\venu trivedi\.m2\repository\antlr\antlr\2.7.7\antlr-2.7.7.jar;C:\Users\venu trivedi\.m2\repository\org\jboss\jandex\2.1.3.Final\jandex-2.1.3.Final.jar;C:\Users\venu trivedi\.m2\repository\org\dom4j\dom4j\2.1.3\dom4j-2.1.3.jar;C:\Users\venu trivedi\.m2\repository\org\hibernate\common\hibernate-commons-annotations\5.1.2.Final\hibernate-commons-annotations-5.1.2.Final.jar;C:\Users\venu trivedi\.m2\repository\org\glassfish\jaxb\jaxb-runtime\2.3.3\jaxb-runtime-2.3.3.jar;C:\Users\venu trivedi\.m2\repository
Launcher Type: SUN_STANDARD

[Global flags]
     intx CICompilerCount                          = 3                                         {product} {ergonomic}
     uint ConcGCThreads                            = 1                                         {product} {ergonomic}
     uint G1ConcRefinementThreads                  = 4                                         {product} {ergonomic}
   size_t G1HeapRegionSize                         = 1048576                                   {product} {ergonomic}
    uintx GCDrainStackTargetSize                   = 64                                        {product} {ergonomic}
   size_t InitialHeapSize                          = 67108864                                  {product} {ergonomic}
   size_t MarkStackSize                            = 4194304                                   {product} {ergonomic}
   size_t MaxHeapSize                              = 1061158912                                {product} {ergonomic}
   size_t MinHeapDeltaBytes                        = 1048576                                   {product} {ergonomic}
   size_t MinHeapSize                              = 8388608                                   {product} {ergonomic}
    uintx NonNMethodCodeHeapSize                   = 5832780                                {pd product} {ergonomic}
    uintx NonProfiledCodeHeapSize                  = 122912730                              {pd product} {ergonomic}
    uintx ProfiledCodeHeapSize                     = 122912730                              {pd product} {ergonomic}
    uintx ReservedCodeCacheSize                    = 251658240                              {pd product} {ergonomic}
     bool SegmentedCodeCache                       = true                                      {product} {ergonomic}
   size_t SoftMaxHeapSize                          = 1061158912                             {manageable} {ergonomic}
     bool UseCompressedClassPointers               = true                                 {lp64_product} {ergonomic}
     bool UseCompressedOops                        = true                                 {lp64_product} {ergonomic}
     bool UseG1GC                                  = true                                      {product} {ergonomic}
     bool UseLargePagesIndividualAllocation        = false                                  {pd product} {ergonomic}

Logging:
Log output configuration:
 #0: stdout all=warning uptime,level,tags
 #1: stderr all=off uptime,level,tags

Environment Variables:
JAVA_HOME=C:\Program Files\Java\jdk-14.0.2
PATH=C:/Program Files/Java/jdk-14.0.2/bin/server;C:/Program Files/Java/jdk-14.0.2/bin;C:\Program Files (x86)\Common Files\Oracle\Java\javapath;C:\Windows\system32;C:\Windows;C:\Windows\System32\Wbem;C:\Windows\System32\WindowsPowerShell\v1.0\;C:\Windows\System32\OpenSSH\;C:\Program Files (x86)\ATI Technologies\ATI.ACE\Core-Static;C:\Program Files\Java\jdk-14.0.2\bin;C:\Program Files\Java\jre1.8.0_261\bin;C:\Program Files\Microsoft SQL Server\130\Tools\Binn\;C:\Program Files\Microsoft SQL Server\Client SDK\ODBC\170\Tools\Binn\;C:\xampp\mysql\bin;C:\Program Files\Git\cmd;C:\Program Files\MySQL\MySQL Server 8.0\bin;C:\Program Files\nodejs\;C:\Program Files\MongoDB\Server\4.4\bin;C:\Program Files\dotnet\;C:\Program Files\MySQL\MySQL Shell 8.0\bin\;C:\Users\venu trivedi\AppData\Local\Microsoft\WindowsApps;C:\Users\venu trivedi\AppData\Local\Programs\Microsoft VS Code\bin;C:\xampp\mysql\bin;C:\Program Files\Java\jdk-14.0.2\bin;C:\Program Files\Java\jre1.8.0_261\bin;C:\Users\venu trivedi\AppData\Roaming\npm;C:\Users\venu trivedi\.dotnet\tools;C:\Windows\System32;
USERNAME=venu trivedi
OS=Windows_NT
PROCESSOR_IDENTIFIER=Intel64 Family 6 Model 42 Stepping 7, GenuineIntel



---------------  S Y S T E M  ---------------

OS: Windows 10 , 64 bit Build 19041 (10.0.19041.804)
OS uptime: 12 days 11:15 hours

CPU:total 4 (initial active 4) (2 cores per cpu, 2 threads per core) family 6 model 42 stepping 7, cmov, cx8, fxsr, mmx, sse, sse2, sse3, ssse3, sse4.1, sse4.2, popcnt, avx, aes, clmul, ht, tsc, tscinvbit

Memory: 4k page, system-wide physical 4043M (262M free)
TotalPageFile size 16331M (AvailPageFile size 70M)
current process WorkingSet (physical memory assigned to process): 10M, peak: 10M
current process commit charge ("private bytes"): 52M, peak: 116M

vm_info: Java HotSpot(TM) 64-Bit Server VM (14.0.2+12-46) for windows-amd64 JRE (14.0.2+12-46), built on Jul  9 2020 00:35:52 by "mach5one" with MS VC++ 15.9 (VS2017)

END.
