#
# There is insufficient memory for the Java Runtime Environment to continue.
# Native memory allocation (malloc) failed to allocate 32744 bytes for ChunkPool::allocate
# Possible reasons:
#   The system is out of physical RAM or swap space
#   The process is running with CompressedOops enabled, and the Java Heap may be blocking the growth of the native heap
# Possible solutions:
#   Reduce memory load on the system
#   Increase physical memory or swap space
#   Check if swap backing store is full
#   Decrease Java heap size (-Xmx/-Xms)
#   Decrease number of Java threads
#   Decrease Java thread stack sizes (-Xss)
#   Set larger code cache with -XX:ReservedCodeCacheSize=
#   JVM is running with Unscaled Compressed Oops mode in which the Java heap is
#     placed in the first 4GB address space. The Java Heap base address is the
#     maximum limit for the native heap growth. Please use -XX:HeapBaseMinAddress
#     to set the Java Heap base and to place the Java Heap above 4GB virtual address.
# This output file may be truncated or incomplete.
#
#  Out of Memory Error (./open/src/hotspot/share/memory/arena.cpp:79), pid=5764, tid=7736
#
# JRE version: Java(TM) SE Runtime Environment (14.0.2+12) (build 14.0.2+12-46)
# Java VM: Java HotSpot(TM) 64-Bit Server VM (14.0.2+12-46, mixed mode, sharing, tiered, compressed oops, g1 gc, windows-amd64)
# No core dump will be written. Minidumps are not enabled by default on client versions of Windows
#

---------------  S U M M A R Y ------------

Command Line: -Dfile.encoding=UTF-8 com.agribay.agribayapp.AgribayappApplication

Host: Intel(R) Core(TM) i5-2430M CPU @ 2.40GHz, 4 cores, 3G,  Windows 10 , 64 bit Build 19041 (10.0.19041.804)
Time: Mon Mar 29 09:26:47 2021 Sri Lanka Standard Time elapsed time: 0 seconds (0d 0h 0m 0s)

---------------  T H R E A D  ---------------

Current thread (0x0000015ada9c6800):  JavaThread "C1 CompilerThread0" daemon [_thread_in_native, id=7736, stack(0x0000003efbf00000,0x0000003efc000000)]


Current CompileTask:
C1:    245   54   !   3       java.io.WinNTFileSystem::resolve (362 bytes)

Stack: [0x0000003efbf00000,0x0000003efc000000]
Native frames: (J=compiled Java code, j=interpreted, Vv=VM code, C=native code)
V  [jvm.dll+0x5f8a9a]
V  [jvm.dll+0x74247a]
V  [jvm.dll+0x743c2f]
V  [jvm.dll+0x744273]
V  [jvm.dll+0x20d288]
V  [jvm.dll+0xabea6]
V  [jvm.dll+0xac1fc]
V  [jvm.dll+0x15a0e3]
V  [jvm.dll+0x15a1a7]
V  [jvm.dll+0x15caa9]
V  [jvm.dll+0x15e511]
V  [jvm.dll+0x117b55]
V  [jvm.dll+0x1173cf]
V  [jvm.dll+0x1175ff]
V  [jvm.dll+0x116884]
V  [jvm.dll+0x1187d7]
V  [jvm.dll+0x1f4105]
V  [jvm.dll+0x1f22eb]
V  [jvm.dll+0x7070cd]
V  [jvm.dll+0x6ffeda]
V  [jvm.dll+0x5f78f6]
C  [ucrtbase.dll+0x21bb2]
C  [KERNEL32.DLL+0x17034]
C  [ntdll.dll+0x52651]


---------------  P R O C E S S  ---------------

Threads class SMR info:
_java_thread_list=0x0000015ada9b8cb0, length=9, elements={
0x0000015abe7c5800, 0x0000015ada9a2000, 0x0000015ada9a3000, 0x0000015ada9ba000,
0x0000015ada9be000, 0x0000015ada9c1000, 0x0000015ada9c5800, 0x0000015ada9c6800,
0x0000015ada9e5000
}

Java Threads: ( => current thread )
  0x0000015abe7c5800 JavaThread "main" [_thread_in_native, id=11112, stack(0x0000003efb200000,0x0000003efb300000)]
  0x0000015ada9a2000 JavaThread "Reference Handler" daemon [_thread_blocked, id=15052, stack(0x0000003efb900000,0x0000003efba00000)]
  0x0000015ada9a3000 JavaThread "Finalizer" daemon [_thread_blocked, id=15460, stack(0x0000003efba00000,0x0000003efbb00000)]
  0x0000015ada9ba000 JavaThread "Signal Dispatcher" daemon [_thread_blocked, id=16448, stack(0x0000003efbb00000,0x0000003efbc00000)]
  0x0000015ada9be000 JavaThread "Attach Listener" daemon [_thread_blocked, id=10044, stack(0x0000003efbc00000,0x0000003efbd00000)]
  0x0000015ada9c1000 JavaThread "Service Thread" daemon [_thread_blocked, id=1408, stack(0x0000003efbd00000,0x0000003efbe00000)]
  0x0000015ada9c5800 JavaThread "C2 CompilerThread0" daemon [_thread_blocked, id=10040, stack(0x0000003efbe00000,0x0000003efbf00000)]
=>0x0000015ada9c6800 JavaThread "C1 CompilerThread0" daemon [_thread_in_native, id=7736, stack(0x0000003efbf00000,0x0000003efc000000)]
  0x0000015ada9e5000 JavaThread "Sweeper thread" daemon [_thread_blocked, id=12148, stack(0x0000003efc000000,0x0000003efc100000)]

Other Threads:
  0x0000015ada9a1000 VMThread "VM Thread" [stack: 0x0000003efb800000,0x0000003efb900000] [id=12052]
  0x0000015abe816000 GCTaskThread "GC Thread#0" [stack: 0x0000003efb300000,0x0000003efb400000] [id=14116]
  0x0000015abe821000 ConcurrentGCThread "G1 Main Marker" [stack: 0x0000003efb400000,0x0000003efb500000] [id=12224]
  0x0000015abe822000 ConcurrentGCThread "G1 Conc#0" [stack: 0x0000003efb500000,0x0000003efb600000] [id=9464]
  0x0000015abe869000 ConcurrentGCThread "G1 Refine#0" [stack: 0x0000003efb600000,0x0000003efb700000] [id=16872]
  0x0000015abe86d000 ConcurrentGCThread "G1 Young RemSet Sampling" [stack: 0x0000003efb700000,0x0000003efb800000] [id=6644]

Threads with active compile tasks:
C1 CompilerThread0      286   54   !   3       java.io.WinNTFileSystem::resolve (362 bytes)

VM state:not at safepoint (normal execution)

VM Mutex/Monitor currently owned by a thread: None

Heap address: 0x00000000c0c00000, size: 1012 MB, Compressed Oops mode: 32-bit
Narrow klass base: 0x0000000800000000, Narrow klass shift: 3
Compressed class space size: 1073741824 Address: 0x0000000800b30000

Heap:
 garbage-first heap   total 65536K, used 1024K [0x00000000c0c00000, 0x0000000100000000)
  region size 1024K, 2 young (2048K), 0 survivors (0K)
 Metaspace       used 122K, capacity 4480K, committed 4480K, reserved 1056768K
  class space    used 2K, capacity 384K, committed 384K, reserved 1048576K
Heap Regions: E=young(eden), S=young(survivor), O=old, HS=humongous(starts), HC=humongous(continues), CS=collection set, F=free, OA=open archive, CA=closed archive, TAMS=top-at-mark-start (previous, next)
|   0|0x00000000c0c00000, 0x00000000c0c00000, 0x00000000c0d00000|  0%| F|  |TAMS 0x00000000c0c00000, 0x00000000c0c00000| Untracked 
|   1|0x00000000c0d00000, 0x00000000c0d00000, 0x00000000c0e00000|  0%| F|  |TAMS 0x00000000c0d00000, 0x00000000c0d00000| Untracked 
|   2|0x00000000c0e00000, 0x00000000c0e00000, 0x00000000c0f00000|  0%| F|  |TAMS 0x00000000c0e00000, 0x00000000c0e00000| Untracked 
|   3|0x00000000c0f00000, 0x00000000c0f00000, 0x00000000c1000000|  0%| F|  |TAMS 0x00000000c0f00000, 0x00000000c0f00000| Untracked 
|   4|0x00000000c1000000, 0x00000000c1000000, 0x00000000c1100000|  0%| F|  |TAMS 0x00000000c1000000, 0x00000000c1000000| Untracked 
|   5|0x00000000c1100000, 0x00000000c1100000, 0x00000000c1200000|  0%| F|  |TAMS 0x00000000c1100000, 0x00000000c1100000| Untracked 
|   6|0x00000000c1200000, 0x00000000c1200000, 0x00000000c1300000|  0%| F|  |TAMS 0x00000000c1200000, 0x00000000c1200000| Untracked 
|   7|0x00000000c1300000, 0x00000000c1300000, 0x00000000c1400000|  0%| F|  |TAMS 0x00000000c1300000, 0x00000000c1300000| Untracked 
|   8|0x00000000c1400000, 0x00000000c1400000, 0x00000000c1500000|  0%| F|  |TAMS 0x00000000c1400000, 0x00000000c1400000| Untracked 
|   9|0x00000000c1500000, 0x00000000c1500000, 0x00000000c1600000|  0%| F|  |TAMS 0x00000000c1500000, 0x00000000c1500000| Untracked 
|  10|0x00000000c1600000, 0x00000000c1600000, 0x00000000c1700000|  0%| F|  |TAMS 0x00000000c1600000, 0x00000000c1600000| Untracked 
|  11|0x00000000c1700000, 0x00000000c1700000, 0x00000000c1800000|  0%| F|  |TAMS 0x00000000c1700000, 0x00000000c1700000| Untracked 
|  12|0x00000000c1800000, 0x00000000c1800000, 0x00000000c1900000|  0%| F|  |TAMS 0x00000000c1800000, 0x00000000c1800000| Untracked 
|  13|0x00000000c1900000, 0x00000000c1900000, 0x00000000c1a00000|  0%| F|  |TAMS 0x00000000c1900000, 0x00000000c1900000| Untracked 
|  14|0x00000000c1a00000, 0x00000000c1a00000, 0x00000000c1b00000|  0%| F|  |TAMS 0x00000000c1a00000, 0x00000000c1a00000| Untracked 
|  15|0x00000000c1b00000, 0x00000000c1b00000, 0x00000000c1c00000|  0%| F|  |TAMS 0x00000000c1b00000, 0x00000000c1b00000| Untracked 
|  16|0x00000000c1c00000, 0x00000000c1c00000, 0x00000000c1d00000|  0%| F|  |TAMS 0x00000000c1c00000, 0x00000000c1c00000| Untracked 
|  17|0x00000000c1d00000, 0x00000000c1d00000, 0x00000000c1e00000|  0%| F|  |TAMS 0x00000000c1d00000, 0x00000000c1d00000| Untracked 
|  18|0x00000000c1e00000, 0x00000000c1e00000, 0x00000000c1f00000|  0%| F|  |TAMS 0x00000000c1e00000, 0x00000000c1e00000| Untracked 
|  19|0x00000000c1f00000, 0x00000000c1f00000, 0x00000000c2000000|  0%| F|  |TAMS 0x00000000c1f00000, 0x00000000c1f00000| Untracked 
|  20|0x00000000c2000000, 0x00000000c2000000, 0x00000000c2100000|  0%| F|  |TAMS 0x00000000c2000000, 0x00000000c2000000| Untracked 
|  21|0x00000000c2100000, 0x00000000c2100000, 0x00000000c2200000|  0%| F|  |TAMS 0x00000000c2100000, 0x00000000c2100000| Untracked 
|  22|0x00000000c2200000, 0x00000000c2200000, 0x00000000c2300000|  0%| F|  |TAMS 0x00000000c2200000, 0x00000000c2200000| Untracked 
|  23|0x00000000c2300000, 0x00000000c2300000, 0x00000000c2400000|  0%| F|  |TAMS 0x00000000c2300000, 0x00000000c2300000| Untracked 
|  24|0x00000000c2400000, 0x00000000c2400000, 0x00000000c2500000|  0%| F|  |TAMS 0x00000000c2400000, 0x00000000c2400000| Untracked 
|  25|0x00000000c2500000, 0x00000000c2500000, 0x00000000c2600000|  0%| F|  |TAMS 0x00000000c2500000, 0x00000000c2500000| Untracked 
|  26|0x00000000c2600000, 0x00000000c2600000, 0x00000000c2700000|  0%| F|  |TAMS 0x00000000c2600000, 0x00000000c2600000| Untracked 
|  27|0x00000000c2700000, 0x00000000c2700000, 0x00000000c2800000|  0%| F|  |TAMS 0x00000000c2700000, 0x00000000c2700000| Untracked 
|  28|0x00000000c2800000, 0x00000000c2800000, 0x00000000c2900000|  0%| F|  |TAMS 0x00000000c2800000, 0x00000000c2800000| Untracked 
|  29|0x00000000c2900000, 0x00000000c2900000, 0x00000000c2a00000|  0%| F|  |TAMS 0x00000000c2900000, 0x00000000c2900000| Untracked 
|  30|0x00000000c2a00000, 0x00000000c2a00000, 0x00000000c2b00000|  0%| F|  |TAMS 0x00000000c2a00000, 0x00000000c2a00000| Untracked 
|  31|0x00000000c2b00000, 0x00000000c2b00000, 0x00000000c2c00000|  0%| F|  |TAMS 0x00000000c2b00000, 0x00000000c2b00000| Untracked 
|  32|0x00000000c2c00000, 0x00000000c2c00000, 0x00000000c2d00000|  0%| F|  |TAMS 0x00000000c2c00000, 0x00000000c2c00000| Untracked 
|  33|0x00000000c2d00000, 0x00000000c2d00000, 0x00000000c2e00000|  0%| F|  |TAMS 0x00000000c2d00000, 0x00000000c2d00000| Untracked 
|  34|0x00000000c2e00000, 0x00000000c2e00000, 0x00000000c2f00000|  0%| F|  |TAMS 0x00000000c2e00000, 0x00000000c2e00000| Untracked 
|  35|0x00000000c2f00000, 0x00000000c2f00000, 0x00000000c3000000|  0%| F|  |TAMS 0x00000000c2f00000, 0x00000000c2f00000| Untracked 
|  36|0x00000000c3000000, 0x00000000c3000000, 0x00000000c3100000|  0%| F|  |TAMS 0x00000000c3000000, 0x00000000c3000000| Untracked 
|  37|0x00000000c3100000, 0x00000000c3100000, 0x00000000c3200000|  0%| F|  |TAMS 0x00000000c3100000, 0x00000000c3100000| Untracked 
|  38|0x00000000c3200000, 0x00000000c3200000, 0x00000000c3300000|  0%| F|  |TAMS 0x00000000c3200000, 0x00000000c3200000| Untracked 
|  39|0x00000000c3300000, 0x00000000c3300000, 0x00000000c3400000|  0%| F|  |TAMS 0x00000000c3300000, 0x00000000c3300000| Untracked 
|  40|0x00000000c3400000, 0x00000000c3400000, 0x00000000c3500000|  0%| F|  |TAMS 0x00000000c3400000, 0x00000000c3400000| Untracked 
|  41|0x00000000c3500000, 0x00000000c3500000, 0x00000000c3600000|  0%| F|  |TAMS 0x00000000c3500000, 0x00000000c3500000| Untracked 
|  42|0x00000000c3600000, 0x00000000c3600000, 0x00000000c3700000|  0%| F|  |TAMS 0x00000000c3600000, 0x00000000c3600000| Untracked 
|  43|0x00000000c3700000, 0x00000000c3700000, 0x00000000c3800000|  0%| F|  |TAMS 0x00000000c3700000, 0x00000000c3700000| Untracked 
|  44|0x00000000c3800000, 0x00000000c3800000, 0x00000000c3900000|  0%| F|  |TAMS 0x00000000c3800000, 0x00000000c3800000| Untracked 
|  45|0x00000000c3900000, 0x00000000c3900000, 0x00000000c3a00000|  0%| F|  |TAMS 0x00000000c3900000, 0x00000000c3900000| Untracked 
|  46|0x00000000c3a00000, 0x00000000c3a00000, 0x00000000c3b00000|  0%| F|  |TAMS 0x00000000c3a00000, 0x00000000c3a00000| Untracked 
|  47|0x00000000c3b00000, 0x00000000c3b00000, 0x00000000c3c00000|  0%| F|  |TAMS 0x00000000c3b00000, 0x00000000c3b00000| Untracked 
|  48|0x00000000c3c00000, 0x00000000c3c00000, 0x00000000c3d00000|  0%| F|  |TAMS 0x00000000c3c00000, 0x00000000c3c00000| Untracked 
|  49|0x00000000c3d00000, 0x00000000c3d00000, 0x00000000c3e00000|  0%| F|  |TAMS 0x00000000c3d00000, 0x00000000c3d00000| Untracked 
|  50|0x00000000c3e00000, 0x00000000c3e00000, 0x00000000c3f00000|  0%| F|  |TAMS 0x00000000c3e00000, 0x00000000c3e00000| Untracked 
|  51|0x00000000c3f00000, 0x00000000c3f00000, 0x00000000c4000000|  0%| F|  |TAMS 0x00000000c3f00000, 0x00000000c3f00000| Untracked 
|  52|0x00000000c4000000, 0x00000000c4000000, 0x00000000c4100000|  0%| F|  |TAMS 0x00000000c4000000, 0x00000000c4000000| Untracked 
|  53|0x00000000c4100000, 0x00000000c4100000, 0x00000000c4200000|  0%| F|  |TAMS 0x00000000c4100000, 0x00000000c4100000| Untracked 
|  54|0x00000000c4200000, 0x00000000c4200000, 0x00000000c4300000|  0%| F|  |TAMS 0x00000000c4200000, 0x00000000c4200000| Untracked 
|  55|0x00000000c4300000, 0x00000000c4300000, 0x00000000c4400000|  0%| F|  |TAMS 0x00000000c4300000, 0x00000000c4300000| Untracked 
|  56|0x00000000c4400000, 0x00000000c4400000, 0x00000000c4500000|  0%| F|  |TAMS 0x00000000c4400000, 0x00000000c4400000| Untracked 
|  57|0x00000000c4500000, 0x00000000c4500000, 0x00000000c4600000|  0%| F|  |TAMS 0x00000000c4500000, 0x00000000c4500000| Untracked 
|  58|0x00000000c4600000, 0x00000000c4600000, 0x00000000c4700000|  0%| F|  |TAMS 0x00000000c4600000, 0x00000000c4600000| Untracked 
|  59|0x00000000c4700000, 0x00000000c4700000, 0x00000000c4800000|  0%| F|  |TAMS 0x00000000c4700000, 0x00000000c4700000| Untracked 
|  60|0x00000000c4800000, 0x00000000c4800000, 0x00000000c4900000|  0%| F|  |TAMS 0x00000000c4800000, 0x00000000c4800000| Untracked 
|  61|0x00000000c4900000, 0x00000000c4900000, 0x00000000c4a00000|  0%| F|  |TAMS 0x00000000c4900000, 0x00000000c4900000| Untracked 
|  62|0x00000000c4a00000, 0x00000000c4a43110, 0x00000000c4b00000| 26%| E|  |TAMS 0x00000000c4a00000, 0x00000000c4a00000| Complete 
|  63|0x00000000c4b00000, 0x00000000c4c00000, 0x00000000c4c00000|100%| E|CS|TAMS 0x00000000c4b00000, 0x00000000c4b00000| Complete 

Card table byte_map: [0x0000015ad6150000,0x0000015ad6350000] _byte_map_base: 0x0000015ad5b4a000

Marking Bits (Prev, Next): (CMBitMap*) 0x0000015abe817d78, (CMBitMap*) 0x0000015abe817db8
 Prev Bits: [0x0000015ad6550000, 0x0000015ad7520000)
 Next Bits: [0x0000015ad7520000, 0x0000015ad84f0000)

Polling page: 0x0000015abc640000

Metaspace:

Usage:
  Non-class:      4.00 MB capacity,   120.03 KB (  3%) used,     3.88 MB ( 97%) free+waste,    64 bytes ( <1%) overhead. 
      Class:    384.00 KB capacity,     2.65 KB ( <1%) used,   381.29 KB (>99%) free+waste,    64 bytes ( <1%) overhead. 
       Both:      4.38 MB capacity,   122.68 KB (  3%) used,     4.26 MB ( 97%) free+waste,   128 bytes ( <1%) overhead. 

Virtual space:
  Non-class space:        8.00 MB reserved,       4.00 MB ( 50%) committed 
      Class space:        1.00 GB reserved,     384.00 KB ( <1%) committed 
             Both:        1.01 GB reserved,       4.38 MB ( <1%) committed 

Chunk freelists:
   Non-Class:  0 bytes
       Class:  0 bytes
        Both:  0 bytes

MaxMetaspaceSize: 17179869184.00 GB
CompressedClassSpaceSize: 1.00 GB

CodeHeap 'non-profiled nmethods': size=120000Kb used=8Kb max_used=8Kb free=119991Kb
 bounds [0x0000015acea20000, 0x0000015acec90000, 0x0000015ad5f50000]
CodeHeap 'profiled nmethods': size=120000Kb used=81Kb max_used=81Kb free=119918Kb
 bounds [0x0000015ac74f0000, 0x0000015ac7760000, 0x0000015acea20000]
CodeHeap 'non-nmethods': size=5760Kb used=1039Kb max_used=1053Kb free=4720Kb
 bounds [0x0000015ac6f50000, 0x0000015ac71c0000, 0x0000015ac74f0000]
 total_blobs=310 nmethods=54 adapters=169
 compilation: enabled
              stopped_count=0, restarted_count=0
 full_count=0

Compilation events (20 events):
Event: 0.161 Thread 0x0000015ada9c6800 nmethod 44 0x0000015ac74fd690 code [0x0000015ac74fd920, 0x0000015ac74fe498]
Event: 0.163 Thread 0x0000015ada9c6800   45       3       sun.net.www.ParseUtil::encodePath (361 bytes)
Event: 0.164 Thread 0x0000015ada9c6800 nmethod 45 0x0000015ac74fe910 code [0x0000015ac74fec00, 0x0000015ac74ffe68]
Event: 0.164 Thread 0x0000015ada9c6800   46       3       java.lang.StringLatin1::indexOf (121 bytes)
Event: 0.165 Thread 0x0000015ada9c6800 nmethod 46 0x0000015ac7500510 code [0x0000015ac75006e0, 0x0000015ac7500bb8]
Event: 0.171 Thread 0x0000015ada9c6800   47       3       java.lang.AbstractStringBuilder::ensureCapacityInternal (39 bytes)
Event: 0.171 Thread 0x0000015ada9c5800   48 %     4       java.lang.StringLatin1::indexOf @ 35 (61 bytes)
Event: 0.172 Thread 0x0000015ada9c6800 nmethod 47 0x0000015ac7500e10 code [0x0000015ac7500fe0, 0x0000015ac7501478]
Event: 0.174 Thread 0x0000015ada9c6800   49       3       java.lang.AbstractStringBuilder::putStringAt (29 bytes)
Event: 0.174 Thread 0x0000015ada9c6800 nmethod 49 0x0000015ac7501610 code [0x0000015ac75017e0, 0x0000015ac7501af8]
Event: 0.174 Thread 0x0000015ada9c6800   50       3       java.lang.AbstractStringBuilder::getCoder (15 bytes)
Event: 0.174 Thread 0x0000015ada9c6800 nmethod 50 0x0000015ac7501c10 code [0x0000015ac7501da0, 0x0000015ac7501ef8]
Event: 0.177 Thread 0x0000015ada9c6800   51       3       java.lang.String::startsWith (7 bytes)
Event: 0.178 Thread 0x0000015ada9c6800 nmethod 51 0x0000015ac7501f90 code [0x0000015ac7502140, 0x0000015ac75022a8]
Event: 0.179 Thread 0x0000015ada9c5800 nmethod 48% 0x0000015acea21790 code [0x0000015acea21940, 0x0000015acea21bf8]
Event: 0.179 Thread 0x0000015ada9c6800   52       3       java.io.WinNTFileSystem::prefixLength (91 bytes)
Event: 0.181 Thread 0x0000015ada9c6800 nmethod 52 0x0000015ac7502390 code [0x0000015ac75026a0, 0x0000015ac75039b8]
Event: 0.181 Thread 0x0000015ada9c6800   53       3       java.io.WinNTFileSystem::isLetter (30 bytes)
Event: 0.181 Thread 0x0000015ada9c6800 nmethod 53 0x0000015ac7504090 code [0x0000015ac7504220, 0x0000015ac7504458]
Event: 0.181 Thread 0x0000015ada9c6800   54   !   3       java.io.WinNTFileSystem::resolve (362 bytes)

GC Heap History (0 events):
No events

Deoptimization events (0 events):
No events

Classes unloaded (0 events):
No events

Classes redefined (0 events):
No events

Internal exceptions (0 events):
No events

Events (13 events):
Event: 0.016 Loaded shared library C:\Program Files\Java\jdk-14.0.2\bin\java.dll
Event: 0.017 Loaded shared library C:\Program Files\Java\jdk-14.0.2\bin\zip.dll
Event: 0.036 Thread 0x0000015abe7c5800 Thread added: 0x0000015abe7c5800
Event: 0.039 Thread 0x0000015ada9a2000 Thread added: 0x0000015ada9a2000
Event: 0.040 Thread 0x0000015ada9a3000 Thread added: 0x0000015ada9a3000
Event: 0.051 loading class sun/nio/cs/UTF_8$Encoder
Event: 0.051 loading class sun/nio/cs/UTF_8$Encoder done
Event: 0.054 Thread 0x0000015ada9ba000 Thread added: 0x0000015ada9ba000
Event: 0.054 Thread 0x0000015ada9be000 Thread added: 0x0000015ada9be000
Event: 0.054 Thread 0x0000015ada9c1000 Thread added: 0x0000015ada9c1000
Event: 0.054 Thread 0x0000015ada9c5800 Thread added: 0x0000015ada9c5800
Event: 0.054 Thread 0x0000015ada9c6800 Thread added: 0x0000015ada9c6800
Event: 0.055 Thread 0x0000015ada9e5000 Thread added: 0x0000015ada9e5000


Dynamic libraries:
0x00007ff684500000 - 0x00007ff68450f000 	C:\Program Files\Java\jdk-14.0.2\bin\javaw.exe
0x00007fff2f570000 - 0x00007fff2f765000 	C:\Windows\SYSTEM32\ntdll.dll
0x00007fff2e720000 - 0x00007fff2e7dd000 	C:\Windows\System32\KERNEL32.DLL
0x00007fff2d300000 - 0x00007fff2d5c9000 	C:\Windows\System32\KERNELBASE.dll
0x00007fff2ce10000 - 0x00007fff2cf10000 	C:\Windows\System32\ucrtbase.dll
0x00007fff06880000 - 0x00007fff06898000 	C:\Program Files\Java\jdk-14.0.2\bin\jli.dll
0x00007fff2e260000 - 0x00007fff2e30c000 	C:\Windows\System32\ADVAPI32.dll
0x00007fff2e7e0000 - 0x00007fff2e87e000 	C:\Windows\System32\msvcrt.dll
0x00007fff2edf0000 - 0x00007fff2ee8c000 	C:\Windows\System32\sechost.dll
0x00007fff2d960000 - 0x00007fff2da8b000 	C:\Windows\System32\RPCRT4.dll
0x00007fff276e0000 - 0x00007fff276f5000 	C:\Program Files\Java\jdk-14.0.2\bin\VCRUNTIME140.dll
0x00007fff2f360000 - 0x00007fff2f500000 	C:\Windows\System32\USER32.dll
0x00007fff2cf10000 - 0x00007fff2cf32000 	C:\Windows\System32\win32u.dll
0x00007fff2e590000 - 0x00007fff2e5ba000 	C:\Windows\System32\GDI32.dll
0x00007fff2d0f0000 - 0x00007fff2d1fb000 	C:\Windows\System32\gdi32full.dll
0x00007fff2d050000 - 0x00007fff2d0ed000 	C:\Windows\System32\msvcp_win.dll
0x00007fff18dd0000 - 0x00007fff1906a000 	C:\Windows\WinSxS\amd64_microsoft.windows.common-controls_6595b64144ccf1df_6.0.19041.844_none_ca00b6081b84eb1d\COMCTL32.dll
0x00007fff25d90000 - 0x00007fff25d9a000 	C:\Windows\SYSTEM32\VERSION.dll
0x00007fff2f500000 - 0x00007fff2f530000 	C:\Windows\System32\IMM32.DLL
0x00007fff16cc0000 - 0x00007fff16d5b000 	C:\Program Files\Java\jdk-14.0.2\bin\msvcp140.dll
0x00007ffed6720000 - 0x00007ffed723e000 	C:\Program Files\Java\jdk-14.0.2\bin\server\jvm.dll
0x00007fff2e650000 - 0x00007fff2e658000 	C:\Windows\System32\PSAPI.DLL
0x00007fff1f4d0000 - 0x00007fff1f4d9000 	C:\Windows\SYSTEM32\WSOCK32.dll
0x00007fff2ed80000 - 0x00007fff2edeb000 	C:\Windows\System32\WS2_32.dll
0x00007fff25d60000 - 0x00007fff25d87000 	C:\Windows\SYSTEM32\WINMM.dll
0x00007fff2ac10000 - 0x00007fff2ac22000 	C:\Windows\SYSTEM32\kernel.appcore.dll
0x00007fff1df60000 - 0x00007fff1df6a000 	C:\Program Files\Java\jdk-14.0.2\bin\jimage.dll
0x00007fff1ee80000 - 0x00007fff1f064000 	C:\Windows\SYSTEM32\DBGHELP.DLL
0x00007fff1ee50000 - 0x00007fff1ee7c000 	C:\Windows\SYSTEM32\dbgcore.DLL
0x00007fff2cfa0000 - 0x00007fff2d020000 	C:\Windows\System32\bcryptPrimitives.dll
0x00007ffeecb80000 - 0x00007ffeecba5000 	C:\Program Files\Java\jdk-14.0.2\bin\java.dll
0x00007fff01270000 - 0x00007fff01286000 	C:\Program Files\Java\jdk-14.0.2\bin\zip.dll
0x00007fff2db10000 - 0x00007fff2e252000 	C:\Windows\System32\SHELL32.dll
0x00007fff2ae10000 - 0x00007fff2b5a0000 	C:\Windows\SYSTEM32\windows.storage.dll
0x00007fff2e9b0000 - 0x00007fff2ed05000 	C:\Windows\System32\combase.dll
0x00007fff2c720000 - 0x00007fff2c74c000 	C:\Windows\SYSTEM32\Wldp.dll
0x00007fff2e670000 - 0x00007fff2e71e000 	C:\Windows\System32\SHCORE.dll
0x00007fff2f300000 - 0x00007fff2f355000 	C:\Windows\System32\shlwapi.dll
0x00007fff2cbf0000 - 0x00007fff2cc0f000 	C:\Windows\SYSTEM32\profapi.dll

dbghelp: loaded successfully - version: 4.0.5 - missing functions: none
symbol engine: initialized successfully - sym options: 0x614 - pdb path: .;C:\Program Files\Java\jdk-14.0.2\bin;C:\Windows\SYSTEM32;C:\Windows\WinSxS\amd64_microsoft.windows.common-controls_6595b64144ccf1df_6.0.19041.844_none_ca00b6081b84eb1d;C:\Program Files\Java\jdk-14.0.2\bin\server

VM Arguments:
jvm_args: -Dfile.encoding=UTF-8 
java_command: com.agribay.agribayapp.AgribayappApplication
java_class_path (initial): F:\AgriBay_BackEnd\AgriBay\agribayapp\target\classes;C:\Users\venu trivedi\.m2\repository\org\projectlombok\lombok\1.18.16\lombok-1.18.16.jar;C:\Users\venu trivedi\.m2\repository\org\springframework\boot\spring-boot-starter-data-jpa\2.4.1\spring-boot-starter-data-jpa-2.4.1.jar;C:\Users\venu trivedi\.m2\repository\org\springframework\boot\spring-boot-starter-aop\2.4.1\spring-boot-starter-aop-2.4.1.jar;C:\Users\venu trivedi\.m2\repository\org\aspectj\aspectjweaver\1.9.6\aspectjweaver-1.9.6.jar;C:\Users\venu trivedi\.m2\repository\org\springframework\boot\spring-boot-starter-jdbc\2.4.1\spring-boot-starter-jdbc-2.4.1.jar;C:\Users\venu trivedi\.m2\repository\com\zaxxer\HikariCP\3.4.5\HikariCP-3.4.5.jar;C:\Users\venu trivedi\.m2\repository\org\springframework\spring-jdbc\5.3.2\spring-jdbc-5.3.2.jar;C:\Users\venu trivedi\.m2\repository\jakarta\transaction\jakarta.transaction-api\1.3.3\jakarta.transaction-api-1.3.3.jar;C:\Users\venu trivedi\.m2\repository\jakarta\persistence\jakarta.persistence-api\2.2.3\jakarta.persistence-api-2.2.3.jar;C:\Users\venu trivedi\.m2\repository\org\hibernate\hibernate-core\5.4.25.Final\hibernate-core-5.4.25.Final.jar;C:\Users\venu trivedi\.m2\repository\org\jboss\logging\jboss-logging\3.4.1.Final\jboss-logging-3.4.1.Final.jar;C:\Users\venu trivedi\.m2\repository\org\javassist\javassist\3.27.0-GA\javassist-3.27.0-GA.jar;C:\Users\venu trivedi\.m2\repository\net\bytebuddy\byte-buddy\1.10.18\byte-buddy-1.10.18.jar;C:\Users\venu trivedi\.m2\repository\antlr\antlr\2.7.7\antlr-2.7.7.jar;C:\Users\venu trivedi\.m2\repository\org\jboss\jandex\2.1.3.Final\jandex-2.1.3.Final.jar;C:\Users\venu trivedi\.m2\repository\org\dom4j\dom4j\2.1.3\dom4j-2.1.3.jar;C:\Users\venu trivedi\.m2\repository\org\hibernate\common\hibernate-commons-annotations\5.1.2.Final\hibernate-commons-annotations-5.1.2.Final.jar;C:\Users\venu trivedi\.m2\repository\org\glassfish\jaxb\jaxb-runtime\2.3.3\jaxb-runtime-2.3.3.jar;C:\Users\venu trivedi\.m2\repository
Launcher Type: SUN_STANDARD

[Global flags]
     intx CICompilerCount                          = 3                                         {product} {ergonomic}
     uint ConcGCThreads                            = 1                                         {product} {ergonomic}
     uint G1ConcRefinementThreads                  = 4                                         {product} {ergonomic}
   size_t G1HeapRegionSize                         = 1048576                                   {product} {ergonomic}
    uintx GCDrainStackTargetSize                   = 64                                        {product} {ergonomic}
   size_t InitialHeapSize                          = 67108864                                  {product} {ergonomic}
   size_t MarkStackSize                            = 4194304                                   {product} {ergonomic}
   size_t MaxHeapSize                              = 1061158912                                {product} {ergonomic}
   size_t MaxNewSize                               = 636485632                                 {product} {ergonomic}
   size_t MinHeapDeltaBytes                        = 1048576                                   {product} {ergonomic}
   size_t MinHeapSize                              = 8388608                                   {product} {ergonomic}
    uintx NonNMethodCodeHeapSize                   = 5832780                                {pd product} {ergonomic}
    uintx NonProfiledCodeHeapSize                  = 122912730                              {pd product} {ergonomic}
    uintx ProfiledCodeHeapSize                     = 122912730                              {pd product} {ergonomic}
    uintx ReservedCodeCacheSize                    = 251658240                              {pd product} {ergonomic}
     bool SegmentedCodeCache                       = true                                      {product} {ergonomic}
   size_t SoftMaxHeapSize                          = 1061158912                             {manageable} {ergonomic}
     bool UseCompressedClassPointers               = true                                 {lp64_product} {ergonomic}
     bool UseCompressedOops                        = true                                 {lp64_product} {ergonomic}
     bool UseG1GC                                  = true                                      {product} {ergonomic}
     bool UseLargePagesIndividualAllocation        = false                                  {pd product} {ergonomic}

Logging:
Log output configuration:
 #0: stdout all=warning uptime,level,tags
 #1: stderr all=off uptime,level,tags

Environment Variables:
JAVA_HOME=C:\Program Files\Java\jdk-14.0.2
PATH=C:/Program Files/Java/jdk-14.0.2/bin/server;C:/Program Files/Java/jdk-14.0.2/bin;C:\Program Files (x86)\Common Files\Oracle\Java\javapath;C:\Windows\system32;C:\Windows;C:\Windows\System32\Wbem;C:\Windows\System32\WindowsPowerShell\v1.0\;C:\Windows\System32\OpenSSH\;C:\Program Files (x86)\ATI Technologies\ATI.ACE\Core-Static;C:\Program Files\Java\jdk-14.0.2\bin;C:\Program Files\Java\jre1.8.0_261\bin;C:\Program Files\Microsoft SQL Server\130\Tools\Binn\;C:\Program Files\Microsoft SQL Server\Client SDK\ODBC\170\Tools\Binn\;C:\xampp\mysql\bin;C:\Program Files\Git\cmd;C:\Program Files\MySQL\MySQL Server 8.0\bin;C:\Program Files\nodejs\;C:\Program Files\MongoDB\Server\4.4\bin;C:\Program Files\dotnet\;C:\Program Files\MySQL\MySQL Shell 8.0\bin\;C:\Users\venu trivedi\AppData\Local\Microsoft\WindowsApps;C:\Users\venu trivedi\AppData\Local\Programs\Microsoft VS Code\bin;C:\xampp\mysql\bin;C:\Program Files\Java\jdk-14.0.2\bin;C:\Program Files\Java\jre1.8.0_261\bin;C:\Users\venu trivedi\AppData\Roaming\npm;C:\Users\venu trivedi\.dotnet\tools;C:\Windows\System32;
USERNAME=venu trivedi
OS=Windows_NT
PROCESSOR_IDENTIFIER=Intel64 Family 6 Model 42 Stepping 7, GenuineIntel



---------------  S Y S T E M  ---------------

OS: Windows 10 , 64 bit Build 19041 (10.0.19041.804)
OS uptime: 12 days 11:14 hours

CPU:total 4 (initial active 4) (2 cores per cpu, 2 threads per core) family 6 model 42 stepping 7, cmov, cx8, fxsr, mmx, sse, sse2, sse3, ssse3, sse4.1, sse4.2, popcnt, avx, aes, clmul, ht, tsc, tscinvbit

Memory: 4k page, system-wide physical 4043M (220M free)
TotalPageFile size 16331M (AvailPageFile size 0M)
current process WorkingSet (physical memory assigned to process): 26M, peak: 26M
current process commit charge ("private bytes"): 139M, peak: 139M

vm_info: Java HotSpot(TM) 64-Bit Server VM (14.0.2+12-46) for windows-amd64 JRE (14.0.2+12-46), built on Jul  9 2020 00:35:52 by "mach5one" with MS VC++ 15.9 (VS2017)

END.
